<?xml version="1.0" encoding="UTF-8"?>
<!-- Generated by org.testng.reporters.JUnitXMLReporter -->
<testsuite ignored="0" hostname="systems-MacBook-Pro.local" failures="0" tests="4" name="Default test" time="35.292" errors="0" timestamp="27 Mar 2019 18:04:39 GMT">
  <testcase classname="automation.BookTickets" name="selectShow" time="5.945"/>
  <testcase classname="automation.BookTickets" name="selectDate" time="6.605"/>
  <testcase classname="automation.BookTickets" name="selectSeat" time="1.709"/>
  <testcase classname="automation.BookTickets" name="checkOut" time="14.305"/>
</testsuite> <!-- Default test -->
