<?xml version="1.0" encoding="UTF-8"?>
<!-- Generated by org.testng.reporters.JUnitXMLReporter -->
<testsuite ignored="0" hostname="systems-MacBook-Pro.local" failures="0" tests="4" name="TestBookingOfShow" time="39.526" errors="0" timestamp="27 Mar 2019 17:55:51 GMT">
  <testcase classname="automation.BookTickets" name="selectShow" time="8.804"/>
  <testcase classname="automation.BookTickets" name="selectDate" time="6.828"/>
  <testcase classname="automation.BookTickets" name="selectSeat" time="1.312"/>
  <testcase classname="automation.BookTickets" name="checkOut" time="14.422"/>
</testsuite> <!-- TestBookingOfShow -->
